<?xml version="1.0" encoding="UTF-8"?>
<testng-results skipped="0" failed="0" ignored="0" total="1" passed="1">
  <reporter-output>
  </reporter-output>
  <suite name="Suite" duration-ms="190383" started-at="2020-02-11T09:32:14Z" finished-at="2020-02-11T09:35:24Z">
    <groups>
    </groups>
    <test name="Test" duration-ms="190383" started-at="2020-02-11T09:32:14Z" finished-at="2020-02-11T09:35:24Z">
      <class name="com.test.automation.PageObject.PageFactory.removeCart.RemoveProductFromCart">
        <test-method status="PASS" signature="init()[pri:0, instance:com.test.automation.PageObject.PageFactory.removeCart.RemoveProductFromCart@17f6480]" name="init" is-config="true" duration-ms="12929" started-at="2020-02-11T15:02:01Z" finished-at="2020-02-11T15:02:14Z">
          <reporter-output>
          </reporter-output>
        </test-method> <!-- init -->
        <test-method status="PASS" signature="removeProduct()[pri:0, instance:com.test.automation.PageObject.PageFactory.removeCart.RemoveProductFromCart@17f6480]" name="removeProduct" duration-ms="190357" started-at="2020-02-11T15:02:14Z" finished-at="2020-02-11T15:05:24Z">
          <reporter-output>
          </reporter-output>
        </test-method> <!-- removeProduct -->
      </class> <!-- com.test.automation.PageObject.PageFactory.removeCart.RemoveProductFromCart -->
    </test> <!-- Test -->
  </suite> <!-- Suite -->
</testng-results>
